[15:39:09] [ServerMain/INFO]: Environment: authHost='https://authserver.mojang.com', accountsHost='https://api.mojang.com', sessionHost='https://sessionserver.mojang.com', servicesHost='https://api.minecraftservices.com', name='PROD'
[15:39:13] [ServerMain/WARN]: Ambiguity between arguments [teleport, location] and [teleport, destination] with inputs: [0.1 -0.5 .9, 0 0 0]
[15:39:13] [ServerMain/WARN]: Ambiguity between arguments [teleport, location] and [teleport, targets] with inputs: [0.1 -0.5 .9, 0 0 0]
[15:39:13] [ServerMain/WARN]: Ambiguity between arguments [teleport, destination] and [teleport, targets] with inputs: [Player, 0123, @e, dd12be42-52a9-4a91-a8a1-11c01849e498]
[15:39:13] [ServerMain/WARN]: Ambiguity between arguments [teleport, targets] and [teleport, destination] with inputs: [Player, 0123, dd12be42-52a9-4a91-a8a1-11c01849e498]
[15:39:13] [ServerMain/WARN]: Ambiguity between arguments [teleport, targets, location] and [teleport, targets, destination] with inputs: [0.1 -0.5 .9, 0 0 0]
[15:39:14] [Worker-Main-6/INFO]: Loaded 7 recipes
[15:39:15] [Worker-Main-6/INFO]: Loaded 1141 advancements
[15:39:18] [Server thread/INFO]: Starting minecraft server version 1.18.2
[15:39:18] [Server thread/INFO]: Loading properties
[15:39:18] [Server thread/INFO]: Default game type: SURVIVAL
[15:39:18] [Server thread/INFO]: Generating keypair
[15:39:19] [Server thread/INFO]: Starting Minecraft server on *:25565
[15:39:19] [Server thread/INFO]: Using default channel type
[15:39:19] [Server thread/WARN]: **** SERVER IS RUNNING IN OFFLINE/INSECURE MODE!
[15:39:19] [Server thread/WARN]: The server will make no attempt to authenticate usernames. Beware.
[15:39:19] [Server thread/WARN]: While this makes the game possible to play without internet access, it also opens up the ability for hackers to connect with any username they choose.
[15:39:19] [Server thread/WARN]: To change this, set "online-mode" to "true" in the server.properties file.
[15:39:19] [Server thread/INFO]: Preparing level "plex"
[15:39:19] [Server thread/INFO]: Preparing start region for dimension minecraft:overworld
[15:39:22] [Worker-Main-6/INFO]: Preparing spawn area: 0%
[15:39:22] [Worker-Main-4/INFO]: Preparing spawn area: 0%
[15:39:22] [Worker-Main-5/INFO]: Preparing spawn area: 0%
[15:39:22] [Worker-Main-5/INFO]: Preparing spawn area: 0%
[15:39:22] [Worker-Main-5/INFO]: Preparing spawn area: 0%
[15:39:22] [Worker-Main-5/INFO]: Preparing spawn area: 0%
[15:39:22] [Worker-Main-5/INFO]: Preparing spawn area: 0%
[15:39:23] [Worker-Main-5/INFO]: Preparing spawn area: 0%
[15:39:23] [Worker-Main-5/INFO]: Preparing spawn area: 0%
[15:39:24] [Worker-Main-6/INFO]: Preparing spawn area: 0%
[15:39:24] [Worker-Main-4/INFO]: Preparing spawn area: 0%
[15:39:25] [Worker-Main-6/INFO]: Preparing spawn area: 0%
[15:39:25] [Worker-Main-5/INFO]: Preparing spawn area: 0%
[15:39:26] [Worker-Main-5/INFO]: Preparing spawn area: 4%
[15:39:26] [Worker-Main-6/INFO]: Preparing spawn area: 10%
[15:39:27] [Worker-Main-6/INFO]: Preparing spawn area: 14%
[15:39:27] [Worker-Main-5/INFO]: Preparing spawn area: 16%
[15:39:28] [Worker-Main-5/INFO]: Preparing spawn area: 20%
[15:39:28] [Worker-Main-4/INFO]: Preparing spawn area: 24%
[15:39:29] [Worker-Main-5/INFO]: Preparing spawn area: 43%
[15:39:29] [Worker-Main-4/INFO]: Preparing spawn area: 85%
[15:39:32] [Server thread/INFO]: Time elapsed: 12617 ms
[15:39:32] [Server thread/INFO]: Done (12.840s)! For help, type "help"
[15:39:45] [Server thread/INFO]: Unknown or incomplete command, see below for error
[15:39:45] [Server thread/INFO]: exit<--[HERE]
[15:39:55] [Server thread/INFO]: /advancement (grant|revoke)
[15:39:55] [Server thread/INFO]: /attribute <target> <attribute> (get|base|modifier)
[15:39:55] [Server thread/INFO]: /execute (run|if|unless|as|at|store|positioned|rotated|facing|align|anchored|in)
[15:39:55] [Server thread/INFO]: /bossbar (add|remove|list|set|get)
[15:39:55] [Server thread/INFO]: /clear [<targets>]
[15:39:55] [Server thread/INFO]: /clone <begin> <end> <destination> [replace|masked|filtered]
[15:39:55] [Server thread/INFO]: /data (merge|get|remove|modify)
[15:39:55] [Server thread/INFO]: /datapack (enable|disable|list)
[15:39:55] [Server thread/INFO]: /debug (start|stop|function)
[15:39:55] [Server thread/INFO]: /defaultgamemode (survival|creative|adventure|spectator)
[15:39:55] [Server thread/INFO]: /difficulty [peaceful|easy|normal|hard]
[15:39:55] [Server thread/INFO]: /effect (clear|give)
[15:39:55] [Server thread/INFO]: /me <action>
[15:39:55] [Server thread/INFO]: /enchant <targets> <enchantment> [<level>]
[15:39:55] [Server thread/INFO]: /experience (add|set|query)
[15:39:55] [Server thread/INFO]: /xp -> experience
[15:39:55] [Server thread/INFO]: /fill <from> <to> <block> [replace|keep|outline|hollow|destroy]
[15:39:55] [Server thread/INFO]: /forceload (add|remove|query)
[15:39:55] [Server thread/INFO]: /function <name>
[15:39:55] [Server thread/INFO]: /gamemode (survival|creative|adventure|spectator)
[15:39:55] [Server thread/INFO]: /gamerule (announceAdvancements|commandBlockOutput|disableElytraMovementCheck|disableRaids|doDaylightCycle|doEntityDrops|doFireTick|doImmediateRespawn|doInsomnia|doLimitedCrafting|doMobLoot|doMobSpawning|doPatrolSpawning|doTileDrops|doTraderSpawning|doWeatherCycle|drowningDamage|fallDamage|fireDamage|forgiveDeadPlayers|freezeDamage|keepInventory|logAdminCommands|maxCommandChainLength|maxEntityCramming|mobGriefing|naturalRegeneration|playersSleepingPercentage|randomTickSpeed|reducedDebugInfo|sendCommandFeedback|showDeathMessages|spawnRadius|spectatorsGenerateChunks|universalAnger)
[15:39:55] [Server thread/INFO]: /give <targets> <item> [<count>]
[15:39:55] [Server thread/INFO]: /help [<command>]
[15:39:55] [Server thread/INFO]: /item (replace|modify)
[15:39:55] [Server thread/INFO]: /kick <targets> [<reason>]
[15:39:55] [Server thread/INFO]: /kill [<targets>]
[15:39:55] [Server thread/INFO]: /list [uuids]
[15:39:55] [Server thread/INFO]: /locate <structure>
[15:39:55] [Server thread/INFO]: /locatebiome <biome>
[15:39:55] [Server thread/INFO]: /loot (replace|insert|give|spawn)
[15:39:55] [Server thread/INFO]: /msg <targets> <message>
[15:39:55] [Server thread/INFO]: /tell -> msg
[15:39:55] [Server thread/INFO]: /w -> msg
[15:39:55] [Server thread/INFO]: /particle <name> [<pos>]
[15:39:55] [Server thread/INFO]: /placefeature <feature> [<pos>]
[15:39:55] [Server thread/INFO]: /playsound <sound> (master|music|record|weather|block|hostile|neutral|player|ambient|voice)
[15:39:55] [Server thread/INFO]: /reload
[15:39:55] [Server thread/INFO]: /recipe (give|take)
[15:39:55] [Server thread/INFO]: /say <message>
[15:39:55] [Server thread/INFO]: /schedule (function|clear)
[15:39:55] [Server thread/INFO]: /scoreboard (objectives|players)
[15:39:55] [Server thread/INFO]: /seed
[15:39:55] [Server thread/INFO]: /setblock <pos> <block> [destroy|keep|replace]
[15:39:55] [Server thread/INFO]: /spawnpoint [<targets>]
[15:39:55] [Server thread/INFO]: /setworldspawn [<pos>]
[15:39:55] [Server thread/INFO]: /spectate [<target>]
[15:39:55] [Server thread/INFO]: /spreadplayers <center> <spreadDistance> <maxRange> (<respectTeams>|under)
[15:39:55] [Server thread/INFO]: /stopsound <targets> [*|master|music|record|weather|block|hostile|neutral|player|ambient|voice]
[15:39:55] [Server thread/INFO]: /summon <entity> [<pos>]
[15:39:55] [Server thread/INFO]: /tag <targets> (add|remove|list)
[15:39:55] [Server thread/INFO]: /team (list|add|remove|empty|join|leave|modify)
[15:39:55] [Server thread/INFO]: /teammsg <message>
[15:39:55] [Server thread/INFO]: /tm -> teammsg
[15:39:55] [Server thread/INFO]: /teleport (<location>|<destination>|<targets>)
[15:39:55] [Server thread/INFO]: /tp -> teleport
[15:39:55] [Server thread/INFO]: /tellraw <targets> <message>
[15:39:55] [Server thread/INFO]: /time (set|add|query)
[15:39:55] [Server thread/INFO]: /title <targets> (clear|reset|title|subtitle|actionbar|times)
[15:39:55] [Server thread/INFO]: /trigger <objective> [add|set]
[15:39:55] [Server thread/INFO]: /weather (clear|rain|thunder)
[15:39:55] [Server thread/INFO]: /worldborder (add|set|center|damage|get|warning)
[15:39:55] [Server thread/INFO]: /jfr (start|stop)
[15:39:55] [Server thread/INFO]: /ban-ip <target> [<reason>]
[15:39:55] [Server thread/INFO]: /banlist [ips|players]
[15:39:55] [Server thread/INFO]: /ban <targets> [<reason>]
[15:39:55] [Server thread/INFO]: /deop <targets>
[15:39:55] [Server thread/INFO]: /op <targets>
[15:39:55] [Server thread/INFO]: /pardon <targets>
[15:39:55] [Server thread/INFO]: /pardon-ip <target>
[15:39:55] [Server thread/INFO]: /perf (start|stop)
[15:39:55] [Server thread/INFO]: /save-all [flush]
[15:39:55] [Server thread/INFO]: /save-off
[15:39:55] [Server thread/INFO]: /save-on
[15:39:55] [Server thread/INFO]: /setidletimeout <minutes>
[15:39:55] [Server thread/INFO]: /stop
[15:39:55] [Server thread/INFO]: /whitelist (on|off|list|add|remove|reload)
[15:40:05] [Server thread/INFO]: Stopping the server
[15:40:05] [Server thread/INFO]: Stopping server
[15:40:05] [Server thread/INFO]: Saving players
[15:40:05] [Server thread/INFO]: Saving worlds
[15:40:08] [Server thread/INFO]: Saving chunks for level 'ServerLevel[plex]'/minecraft:overworld
[15:40:08] [Server thread/INFO]: Saving chunks for level 'ServerLevel[plex]'/minecraft:the_nether
[15:40:08] [Server thread/INFO]: Saving chunks for level 'ServerLevel[plex]'/minecraft:the_end
[15:40:08] [Server thread/INFO]: ThreadedAnvilChunkStorage (plex): All chunks are saved
[15:40:08] [Server thread/INFO]: ThreadedAnvilChunkStorage (DIM-1): All chunks are saved
[15:40:08] [Server thread/INFO]: ThreadedAnvilChunkStorage (DIM1): All chunks are saved
[15:40:08] [Server thread/INFO]: ThreadedAnvilChunkStorage: All dimensions are saved
